SF:lib\layers\data\repositories\find_car_by_color_repository.dart
DA:6,1
DA:8,1
DA:9,1
DA:11,1
LF:4
LH:4
end_of_record
SF:lib\layers\domain\entities\car_entity.dart
DA:6,2
DA:12,0
DA:13,0
LF:3
LH:1
end_of_record
SF:lib\layers\domain\usecases\find_car_by_color\find_car_by_color_usecase_impl.dart
DA:9,1
DA:11,1
DA:13,2
LF:3
LH:3
end_of_record
SF:lib\layers\data\repositories\save_car_favorite_repository_impl.dart
DA:7,1
DA:8,2
LF:2
LH:2
end_of_record
SF:lib\layers\domain\usecases\save_car_favorite\save_car_favorite_usecase_impl.dart
DA:9,1
DA:12,1
DA:13,3
LF:3
LH:3
end_of_record
